<?xml version="1.0" encoding="UTF-8"?>
<testsuite xmlns:xsi="http://www.w3.org/2001/XMLSchema-instance" xsi:noNamespaceSchemaLocation="https://maven.apache.org/surefire/maven-surefire-plugin/xsd/surefire-test-report-3.0.xsd" version="3.0" name="org.example.springfrontend.SpringFrontendApplicationTests" time="3.539" tests="1" errors="0" skipped="0" failures="0">
  <properties>
[...]
</properties>
  <testcase name="contextLoads" classname="org.example.springfrontend.SpringFrontendApplicationTests" time="0.465">
    <system-out><![CDATA[17:47:33.437 [main] INFO org.springframework.test.context.support.AnnotationConfigContextLoaderUtils -- Could not detect default configuration classes for test class [org.example.springfrontend.SpringFrontendApplicationTests]: SpringFrontendApplicationTests does not declare any static, non-private, non-final, nested classes annotated with @Configuration.
17:47:33.574 [main] INFO org.springframework.boot.test.context.SpringBootTestContextBootstrapper -- Found @SpringBootConfiguration org.example.springfrontend.SpringFrontendApplication for test class org.example.springfrontend.SpringFrontendApplicationTests

  .   ____          _            __ _ _
 /\\ / ___'_ __ _ _(_)_ __  __ _ \ \ \ \
( ( )\___ | '_ | '_| | '_ \/ _` | \ \ \ \
 \\/  ___)| |_)| | | | | || (_| |  ) ) ) )
  '  |____| .__|_| |_|_| |_\__, | / / / /
 =========|_|==============|___/=/_/_/_/
&amp#27;[32m :: Spring Boot :: &amp#27;[39m              &amp#27;[2m (v3.2.4)&amp#27;[0;39m

&amp#27;[2m2024-10-18T17:47:33.992-04:00&amp#27;[0;39m &amp#27;[32m INFO&amp#27;[0;39m &amp#27;[35m34216&amp#27;[0;39m &amp#27;[2m---&amp#27;[0;39m &amp#27;[2m[           main]&amp#27;[0;39m &amp#27;[2m&amp#27;[0;39m&amp#27;[36mo.e.s.SpringFrontendApplicationTests    &amp#27;[0;39m &amp#27;[2m:&amp#27;[0;39m Starting SpringFrontendApplicationTests using Java 23 with PID 34216 (started by nraichura in /Users/nraichura/Desktop/Ultimate Company/SpringFrontEnd)
&amp#27;[2m2024-10-18T17:47:33.995-04:00&amp#27;[0;39m &amp#27;[32m INFO&amp#27;[0;39m &amp#27;[35m34216&amp#27;[0;39m &amp#27;[2m---&amp#27;[0;39m &amp#27;[2m[           main]&amp#27;[0;39m &amp#27;[2m&amp#27;[0;39m&amp#27;[36mo.e.s.SpringFrontendApplicationTests    &amp#27;[0;39m &amp#27;[2m:&amp#27;[0;39m No active profile set, falling back to 1 default profile: "default"
&amp#27;[2m2024-10-18T17:47:36.136-04:00&amp#27;[0;39m &amp#27;[32m INFO&amp#27;[0;39m &amp#27;[35m34216&amp#27;[0;39m &amp#27;[2m---&amp#27;[0;39m &amp#27;[2m[           main]&amp#27;[0;39m &amp#27;[2m&amp#27;[0;39m&amp#27;[36mcom.vaadin.flow.server.Platform         &amp#27;[0;39m &amp#27;[2m:&amp#27;[0;39m Unable to determine Hilla version. No META-INF/maven/dev.hilla/hilla/pom.properties found
&amp#27;[2m2024-10-18T17:47:36.182-04:00&amp#27;[0;39m &amp#27;[32m INFO&amp#27;[0;39m &amp#27;[35m34216&amp#27;[0;39m &amp#27;[2m---&amp#27;[0;39m &amp#27;[2m[           main]&amp#27;[0;39m &amp#27;[2m&amp#27;[0;39m&amp#27;[36morg.atmosphere.cpr.AtmosphereFramework  &amp#27;[0;39m &amp#27;[2m:&amp#27;[0;39m Installed AtmosphereHandler dev.hilla.push.PushEndpoint mapped to context-path: /HILLA/push
&amp#27;[2m2024-10-18T17:47:36.183-04:00&amp#27;[0;39m &amp#27;[32m INFO&amp#27;[0;39m &amp#27;[35m34216&amp#27;[0;39m &amp#27;[2m---&amp#27;[0;39m &amp#27;[2m[           main]&amp#27;[0;39m &amp#27;[2m&amp#27;[0;39m&amp#27;[36morg.atmosphere.cpr.AtmosphereFramework  &amp#27;[0;39m &amp#27;[2m:&amp#27;[0;39m Installed the following AtmosphereInterceptor mapped to AtmosphereHandler dev.hilla.push.PushEndpoint
&amp#27;[2m2024-10-18T17:47:36.184-04:00&amp#27;[0;39m &amp#27;[32m INFO&amp#27;[0;39m &amp#27;[35m34216&amp#27;[0;39m &amp#27;[2m---&amp#27;[0;39m &amp#27;[2m[           main]&amp#27;[0;39m &amp#27;[2m&amp#27;[0;39m&amp#27;[36morg.atmosphere.cpr.AtmosphereFramework  &amp#27;[0;39m &amp#27;[2m:&amp#27;[0;39m 	org.atmosphere.interceptor.AtmosphereResourceLifecycleInterceptor : Atmosphere LifeCycle
&amp#27;[2m2024-10-18T17:47:36.184-04:00&amp#27;[0;39m &amp#27;[32m INFO&amp#27;[0;39m &amp#27;[35m34216&amp#27;[0;39m &amp#27;[2m---&amp#27;[0;39m &amp#27;[2m[           main]&amp#27;[0;39m &amp#27;[2m&amp#27;[0;39m&amp#27;[36morg.atmosphere.cpr.AtmosphereFramework  &amp#27;[0;39m &amp#27;[2m:&amp#27;[0;39m 	org.atmosphere.client.TrackMessageSizeInterceptor :  Track Message Size Interceptor using |
&amp#27;[2m2024-10-18T17:47:36.184-04:00&amp#27;[0;39m &amp#27;[32m INFO&amp#27;[0;39m &amp#27;[35m34216&amp#27;[0;39m &amp#27;[2m---&amp#27;[0;39m &amp#27;[2m[           main]&amp#27;[0;39m &amp#27;[2m&amp#27;[0;39m&amp#27;[36morg.atmosphere.cpr.AtmosphereFramework  &amp#27;[0;39m &amp#27;[2m:&amp#27;[0;39m 	org.atmosphere.interceptor.SuspendTrackerInterceptor : UUID Tracking Interceptor
&amp#27;[2m2024-10-18T17:47:36.286-04:00&amp#27;[0;39m &amp#27;[32m INFO&amp#27;[0;39m &amp#27;[35m34216&amp#27;[0;39m &amp#27;[2m---&amp#27;[0;39m &amp#27;[2m[           main]&amp#27;[0;39m &amp#27;[2m&amp#27;[0;39m&amp#27;[36mo.e.s.SpringFrontendApplicationTests    &amp#27;[0;39m &amp#27;[2m:&amp#27;[0;39m Started SpringFrontendApplicationTests in 2.564 seconds (process running for 3.816)
]]></system-out>
  </testcase>
</testsuite>